<?xml version="1.0" encoding="UTF-8"?>
<!-- Generated by org.testng.reporters.JUnitXMLReporter -->
<testsuite ignored="0" hostname="DESKTOP-AUTHA2K" failures="0" tests="1" name="Test" time="0.053" errors="0" timestamp="2021-12-07T14:10:11 IST">
  <testcase classname="com.reports.Reports" name="@BeforeTest startTest" time="-1.638866411803E9">
    <failure type="org.testng.TestNGException" message="
Can inject only one of &amp;lt;ITestContext, XmlTest&amp;gt; into a @BeforeTest annotated startTest.
For more information on native dependency injection please refer to https://testng.org/doc/documentation-main.html#native-dependency-injection">
      <![CDATA[org.testng.TestNGException: 
Can inject only one of <ITestContext, XmlTest> into a @BeforeTest annotated startTest.
For more information on native dependency injection please refer to https://testng.org/doc/documentation-main.html#native-dependency-injection
... Removed 21 stack frames]]>
    </failure>
  </testcase> <!-- @BeforeTest startTest -->
  <testcase classname="com.reports.Reports" name="@BeforeClass initializeReport" time="-1.638866411831E9">
    <skipped/>
  </testcase> <!-- @BeforeClass initializeReport -->
  <testcase classname="com.reports.Reports" name="@AfterMethod takeScreenshot" time="-1.638866411849E9">
    <skipped/>
  </testcase> <!-- @AfterMethod takeScreenshot -->
  <testcase classname="com.tests.TC_01_LoginApplication" name="launchHRMApplication" time="0.0">
    <skipped/>
  </testcase> <!-- launchHRMApplication -->
</testsuite> <!-- Test -->
